"cd-rfile"
"Iteration" "cd"
("Iteration" "cd")
1 0.6327887788066403
2 0.4678921464703272
3 0.3062886233992066
4 0.205821957385412
5 0.1489464500351771
6 0.1161580241509364
7 0.09716362749447364
8 0.08627762540593632
9 0.08011601162242669
10 0.07660451257994105
11 0.0745672259250636
12 0.07339364454513272
13 0.07267829696304626
14 0.07224483716114735
15 0.0719723756229656
16 0.07177761274316857
17 0.0716489927232935
18 0.07157497695470195
19 0.07153971864610455
20 0.07154357158008864
21 0.07157304743082157
22 0.07162992554383378
23 0.07170569670545315
24 0.0717944142748283
25 0.07188996988176286
26 0.07198792517553286
27 0.07208587233606052
28 0.07218043531116797
29 0.07226795956758195
30 0.07234762821772303
31 0.0724184274076891
32 0.07248087480646785
33 0.07253688193674937
34 0.07258515185403602
35 0.07262674252153528
36 0.07266153799911677
37 0.07269081926520816
38 0.0727151444332287
39 0.07273514518879817
40 0.07275165490379397
41 0.07276528439351522
42 0.07277623688652286
43 0.07278530252343951
44 0.07279281186980201
45 0.07279908196599701
46 0.0728043905759311
47 0.07280902726980243
48 0.07281296703278475
49 0.07281639450659416
50 0.07281941447318817
51 0.07282205082173594
52 0.07282444792522168
53 0.07282664396970769
54 0.07282869029474391
55 0.07283047208086056
56 0.07283204220660805
57 0.07283339988540243
58 0.07283456192700603
59 0.07283553861831864
60 0.0728364041687028
61 0.07283712697522957
62 0.07283769917415023
63 0.07283812313803668
64 0.07283841902157899
65 0.07283862918382671
66 0.07283873123366144
67 0.07283875484805766
68 0.0728387089885171
69 0.07283861792579088
70 0.07283846520483242
71 0.07283832282903631
72 0.07283816638150287
73 0.07283799981960554
74 0.07283783646081066
75 0.07283767066331469
76 0.07283751072180555
77 0.07283734288873546
78 0.07283716748102381
79 0.07283699773826854
80 0.07283683786141926
81 0.07283669439904203
82 0.07283656376821426
83 0.0728364520033029
84 0.07283634644310025
85 0.07283624929432343
86 0.07283615914089266
87 0.07283608364584991
88 0.07283599757786266
89 0.07283591435796961
90 0.07283583207872504
91 0.07283575020614633
92 0.07283565977460203
93 0.0728355649441286
94 0.07283547013461343
95 0.07283537999813737
96 0.07283530736565245
97 0.07283524320426714
98 0.07283518633171382
99 0.07283513347814116
100 0.07283508391741685
101 0.07283503410609547
102 0.07283499097064974
103 0.07283494709346781
104 0.07283490583834228
105 0.07283486681769924
106 0.07283483604006913
107 0.07283481114274186
108 0.07283477454677069
109 0.07283473807184289
110 0.07283471444758227
111 0.07283469679906676
112 0.07283468871425232
113 0.07283469143081112
114 0.07283470118039945
115 0.07283471429535845
116 0.07283472691459396
117 0.07283473296818621
118 0.07283472982010025
119 0.07283471723529163
120 0.07283469988359483
121 0.07283467909438213
122 0.07283465762112748
123 0.07283463635705333
124 0.07283462084235884
125 0.07283461048520432
126 0.07283460576182911
127 0.07283460533527163
128 0.07283461152047241
129 0.07283462160977826
130 0.07283463360882521
131 0.07283464471469764
132 0.07283466443689274
133 0.07283467482417741
134 0.07283467853336927
135 0.07283467313330491
136 0.07283466170735903
137 0.07283463927053251
138 0.07283460528499038
139 0.07283458238356071
140 0.0728345653531017
141 0.07283455463895021
142 0.07283454858061025
143 0.07283454404758234
144 0.0728345372725122
145 0.07283452687071459
146 0.07283451317516683
147 0.07283450156343468
148 0.07283449645328897
149 0.07283449813824877
150 0.07283451698399737
151 0.07283453269037729
152 0.07283454361329092
153 0.07283455203387403
154 0.07283456593479816
155 0.07283458581952855
156 0.07283461061809038
157 0.07283463806764777
158 0.07283466628574747
159 0.07283469413908945
160 0.07283471860749718
161 0.07283473938895259
162 0.07283475374832493
163 0.07283476740412964
164 0.07283477750718492
165 0.07283478312374508
166 0.07283478256622368
167 0.07283477545891544
168 0.07283476607806211
169 0.072834754888132
170 0.07283473804343941
171 0.07283472400788737
172 0.07283471453053818
173 0.07283470990187102
174 0.07283470908057738
175 0.07283470935257098
176 0.07283470242546748
177 0.07283468872353874
178 0.07283466764071601
179 0.07283464034704486
180 0.07283460438777502
181 0.07283456044335827
182 0.07283450516324308
183 0.07283444089592202
184 0.072834386318709
185 0.07283433850824018
186 0.07283429655072883
187 0.07283426165311689
188 0.07283424031099588
189 0.07283423540649012
190 0.07283424739773695
191 0.0728342770746945
192 0.0728343253670331
193 0.07283438911391274
194 0.0728344734800344
195 0.07283456160486751
196 0.07283463172925424
197 0.07283468823696697
198 0.07283474095749361
199 0.07283478926316414
200 0.07283483293379366
201 0.07283487076190527
202 0.07283490283446453
203 0.07283492891283194
204 0.07283494679916561
205 0.07283495515918731
206 0.07283495692933162
207 0.07283495378856236
208 0.07283494557754315
209 0.07283492184535457
210 0.07283489277319581
211 0.07283486172562796
212 0.07283483102028196
213 0.0728348036761418
214 0.07283478003494115
215 0.07283475957830661
216 0.07283473437222515
217 0.072834705432601
218 0.0728346725667106
219 0.07283463568723722
220 0.07283459403096451
221 0.07283454771131391
222 0.07283449778194069
223 0.07283444322450722
224 0.07283438359273893
225 0.07283431929776861
226 0.07283424807487431
227 0.07283418863776157
228 0.07283415897140147
229 0.07283415597278235
230 0.0728341779633483
231 0.0728342196634381
232 0.07283427731184985
233 0.07283434742211659
234 0.07283442607452473
235 0.0728345106551809
236 0.07283459971724156
237 0.07283468513422416
238 0.0728347703291528
239 0.07283485662200215
240 0.07283492378281785
241 0.07283497298851596
242 0.0728350114377595
243 0.07283504057499414
244 0.07283506121813911
245 0.07283507182311524
246 0.07283507272941483
247 0.07283506281380636
248 0.07283503976625141
249 0.07283500999820863
250 0.07283497300741711
251 0.07283492696849794
252 0.07283488024683811
253 0.07283483337445604
254 0.07283478506939131
255 0.07283473691864589
256 0.07283468425126162
257 0.07283463186139306
258 0.07283457978611056
259 0.07283452855878493
260 0.07283447913520248
261 0.0728344320162648
262 0.07283438760860891
263 0.0728343463416062
264 0.07283430230031178
265 0.07283425551798499
266 0.07283420729373975
267 0.07283416471617657
268 0.07283413481549517
269 0.07283411890188465
270 0.07283411386334333
271 0.07283412961928105
272 0.07283417519467282
273 0.07283424418980725
274 0.07283433330795856
275 0.07283443474243709
276 0.07283453278555577
277 0.07283461667911752
278 0.07283469771528769
279 0.07283477713622193
280 0.07283485630750958
281 0.07283493376653159
282 0.07283500957836009
283 0.07283507973608921
284 0.0728351251928489
285 0.0728351473843214
286 0.07283515425977879
287 0.07283514798263345
288 0.0728351306878899
289 0.0728350987472577
290 0.07283505568632484
291 0.07283500630043956
292 0.07283495106332966
293 0.07283489323891019
294 0.07283483218365061
295 0.07283477138103395
296 0.07283470785676101
297 0.07283464258098619
298 0.0728345742835282
299 0.07283450147566135
300 0.07283443099320655
301 0.07283436589897326
302 0.07283430540307892
303 0.07283425159286638
304 0.072834209871513
305 0.07283418202938015
306 0.0728341541889842
307 0.07283413193684199
308 0.07283411817596674
309 0.07283411786011004
310 0.07283413186375241
311 0.07283415807913395
312 0.07283419561162695
313 0.07283424317708267
314 0.07283429541614515
315 0.0728343574511643
316 0.07283443056891072
317 0.07283451298032857
318 0.07283460154038671
319 0.07283468672206884
320 0.07283476703809984
321 0.07283484374180063
322 0.07283491410819268
323 0.07283497765097299
324 0.07283503500297497
325 0.07283508442514235
326 0.07283513135448144
327 0.07283516163433462
328 0.07283516438662883
329 0.07283514617208695
330 0.07283511233590917
331 0.07283506596789079
332 0.07283501412730696
333 0.07283495728349906
334 0.07283489732645816
335 0.07283483521845649
336 0.0728347655806772
337 0.0728346876629426
338 0.07283460813624625
339 0.07283452883896406
340 0.07283445178110474
341 0.07283437801707524
342 0.07283430796535748
343 0.07283424719100696
344 0.0728341976658702
345 0.07283416019772791
346 0.07283413930051842
347 0.07283413190688028
348 0.07283412796390668
349 0.07283413300038617
350 0.07283414941990887
351 0.07283418012264585
352 0.0728342218347255
353 0.07283427165250698
354 0.0728343199706101
355 0.07283437107661632
356 0.07283442464419336
357 0.07283447892287771
358 0.072834527549757
359 0.07283458203384197
360 0.0728346475912116
361 0.07283472012078639
362 0.07283479359855058
363 0.07283486043456193
364 0.07283491448432801
365 0.07283495859087648
366 0.07283499179873268
367 0.07283501611377249
368 0.07283503347423234
369 0.07283504405264263
370 0.07283505260513601
371 0.07283505049578619
372 0.07283502521340503
373 0.07283498462678747
374 0.0728349359096683
375 0.07283488180063422
376 0.07283482199142774
377 0.07283475564494521
378 0.07283468479074776
379 0.07283460919196295
380 0.07283453147558612
381 0.07283445599740185
382 0.07283438779927946
383 0.07283432909811581
384 0.07283428114249224
385 0.0728342454345835
386 0.07283422237510132
387 0.0728342120478543
388 0.07283421417243011
389 0.07283422591051464
390 0.072834248833673
391 0.07283427233074348
392 0.07283429735888257
393 0.07283432736796568
394 0.07283436335185141
395 0.07283440297129007
396 0.07283444241285188
397 0.07283447857576882
398 0.07283451097228398
399 0.07283454062121134
400 0.07283456563108917
401 0.0728345858084861
402 0.07283459747517831
403 0.07283460764178026
404 0.0728346300560916
405 0.07283465870488633
406 0.07283469232832371
407 0.07283472622662181
408 0.07283475677582479
409 0.07283478150922423
410 0.07283479955705931
411 0.07283481197631141
412 0.07283482126162621
413 0.07283482920683111
414 0.07283483490123806
415 0.07283484468361917
416 0.07283483592982952
417 0.0728348084819781
418 0.0728347704824326
419 0.07283472376800403
420 0.07283467315860016
421 0.07283461955380788
422 0.07283456310270259
423 0.07283450797304457
424 0.07283445946344751
425 0.0728344156790197
426 0.07283437884317351
427 0.07283434908859822
428 0.07283432667155222
429 0.07283431221901933
430 0.07283430508543981
431 0.07283430486048845
432 0.07283430882838142
433 0.07283432025015374
434 0.0728343410179333
435 0.07283436873438735
436 0.07283440331539327
437 0.07283444262007713
438 0.07283448540112726
439 0.07283453034540782
440 0.0728345742946068
441 0.07283461420210222
442 0.07283464779615147
443 0.07283467660942275
444 0.07283469793068233
445 0.07283471033115331
446 0.07283470841021836
447 0.0728347081901445
448 0.07283472633483878
449 0.07283475733341557
450 0.07283479173365617
451 0.07283482474350966
452 0.07283485150950089
453 0.0728348710845507
454 0.0728348817244391
455 0.07283488321292576
456 0.07283487765044477
457 0.07283486887216034
458 0.0728348602655591
459 0.07283485063897648
460 0.072834844067328
461 0.07283483038457268
462 0.07283480183742601
463 0.07283476128090033
464 0.0728347150178285
465 0.07283466594320004
466 0.07283461708117472
467 0.07283456932097207
468 0.07283452831962535
469 0.07283449619691747
470 0.07283447090086749
471 0.07283445169691087
472 0.07283443863786095
473 0.07283443169759776
474 0.07283443066180616
475 0.07283443467746036
476 0.07283444230405781
477 0.07283445227951618
478 0.07283446424804621
479 0.07283448273376805
480 0.07283450470883983
481 0.07283453001565074
482 0.07283455665179014
483 0.0728345832107231
484 0.07283460926390128
485 0.07283463507608161
486 0.07283465184340913
487 0.07283466112392142
488 0.07283466524388789
489 0.0728346638603635
490 0.07283465674202208
491 0.07283463920898826
492 0.07283461267227982
493 0.07283460133492066
494 0.07283460111521287
495 0.07283461109105423
496 0.07283462837823364
497 0.07283464735521369
498 0.07283466363985786
499 0.072834673822291
500 0.07283467688848011
501 0.0728346746241397
502 0.07283467037305537
503 0.07283466696453388
504 0.07283466425183063
505 0.07283466762922619
506 0.07283466282688177
507 0.07283465002022102
508 0.0728346343004098
509 0.07283461793017929
510 0.0728346050772035
511 0.07283459638531069
512 0.07283459213264402
513 0.07283459185118005
514 0.07283459330717559
515 0.07283459761165847
516 0.07283460458765224
517 0.07283461431397209
518 0.07283462642504003
519 0.07283463961475706
520 0.07283465322155765
521 0.07283466426961496
522 0.07283467644556214
523 0.07283468549610446
524 0.07283468861940399
525 0.07283468770428274
526 0.07283468440537195
527 0.07283468151604083
528 0.07283467886622984
529 0.07283467405183125
530 0.07283466516758429
531 0.07283465288474957
532 0.07283463976432178
533 0.07283462393857289
534 0.07283460281733076
535 0.0728345712713067
536 0.07283454199535931
537 0.07283452828268557
538 0.07283452477810246
539 0.07283452859407975
540 0.07283453518506401
541 0.07283454203520616
542 0.07283454764644372
543 0.07283455263290464
544 0.07283455992059017
545 0.07283457391238038
546 0.07283459216441709
547 0.07283461613918528
548 0.07283464914535508
549 0.07283467979744859
550 0.07283469869827534
551 0.07283470891878124
552 0.07283471321738537
553 0.07283471255961595
554 0.07283470850572217
555 0.07283470194691639
556 0.07283469357134925
557 0.07283468585561337
558 0.07283467865989376
559 0.0728346749793424
560 0.07283467492933887
561 0.07283467820966712
562 0.07283467981436141
563 0.07283467726503047
564 0.07283467099636232
565 0.0728346589357807
566 0.07283464213689173
567 0.07283462254247101
568 0.07283460501116254
569 0.07283459285987569
570 0.07283458585239824
571 0.07283458256731699
572 0.07283457839079066
573 0.07283457215080519
574 0.07283456096051937
575 0.07283454340432226
576 0.07283451972713009
577 0.07283448899626793
578 0.07283445133288918
579 0.07283440803586839
580 0.07283435477232938
581 0.07283430130231018
582 0.07283426048863309
583 0.07283423034864649
584 0.07283421601116977
585 0.07283422012793798
586 0.0728342416066341
587 0.07283427892346811
588 0.07283433154068474
589 0.07283439967649112
590 0.07283447752986912
591 0.07283455809341997
592 0.07283464813718568
593 0.07283472933157754
594 0.07283479888151639
595 0.07283485932313212
596 0.07283491057092185
597 0.07283495341561515
598 0.07283498853925446
599 0.07283501559978063
600 0.07283503466769611
601 0.07283504309485295
602 0.07283504023740561
603 0.07283503011007472
604 0.0728350062439911
605 0.07283497208284034
606 0.07283493469916724
607 0.07283489399719144
608 0.07283485261010363
609 0.07283481308264647
610 0.07283477713442311
611 0.07283474701557269
612 0.07283471682777108
613 0.07283468275842256
614 0.0728346470840721
615 0.07283461083430817
616 0.07283457302765695
617 0.07283453261366316
618 0.07283448823266579
619 0.07283443916770663
620 0.07283438689597975
621 0.07283433029600106
622 0.07283427015163475
623 0.07283421048929829
624 0.072834157270035
625 0.07283413054607606
626 0.07283413264465881
627 0.07283416078371467
628 0.07283421075079842
629 0.0728342768910651
630 0.07283435593200226
631 0.07283444171303792
632 0.07283452980258862
633 0.07283461652816284
634 0.07283470039315144
635 0.07283478247461007
636 0.07283486989277764
637 0.0728349456195671
638 0.07283500161869241
639 0.07283504145994758
640 0.07283506978280646
641 0.07283508821647475
642 0.07283509635238877
643 0.07283509351465632
644 0.07283508013621008
645 0.07283505262371115
646 0.07283501756522733
647 0.0728349764814429
648 0.07283492676042647
649 0.07283487460794157
650 0.07283482372307475
651 0.07283477437036702
652 0.07283472015850942
653 0.07283466240429483
654 0.07283460313818337
655 0.07283454606048462
656 0.07283449045471128
657 0.07283443698212801
658 0.0728343855778873
659 0.07283433918558252
660 0.07283429907957489
661 0.07283425851739155
662 0.07283421620959264
663 0.07283417307904597
664 0.07283413960712858
665 0.07283411974942249
666 0.07283411459350715
667 0.07283412173675469
668 0.07283413885773594
669 0.07283418141244589
670 0.07283424930626049
671 0.07283433848046535
672 0.07283444035067538
673 0.07283453700149602
674 0.07283462150474466
675 0.0728347030041856
676 0.07283478231070022
677 0.07283485995801399
678 0.0728349357660093
679 0.07283500648173984
680 0.07283507912974532
681 0.07283513070260182
682 0.07283515697922816
683 0.07283516394521021
684 0.07283515595085813
685 0.07283513664138326
686 0.07283510279595652
687 0.07283505719418053
688 0.07283500637466807
689 0.07283495008448902
690 0.07283489049119875
691 0.07283482807693241
692 0.07283476368323007
693 0.07283469661691261
694 0.07283462676535836
695 0.07283455401242009
696 0.07283448153950488
697 0.07283440805424091
698 0.07283433886355323
699 0.07283427658317286
700 0.072834223180862
701 0.0728341830310261
702 0.07283415900553142
703 0.0728341375353876
704 0.07283412221040583
705 0.07283411685064695
706 0.07283412505054367
707 0.07283414520181654
708 0.07283417869439332
709 0.07283422183184791
710 0.0728342746962178
711 0.07283433185715477
712 0.0728343795485641
713 0.07283444115637945
714 0.07283451610504907
715 0.07283460080563028
716 0.07283468783314578
717 0.07283476658506702
718 0.07283484199466711
719 0.07283491013483442
720 0.07283497005119435
721 0.0728350221880229
722 0.07283506700237574
723 0.07283510227928637
724 0.07283513891566469
725 0.07283514787842517
726 0.07283513180346492
727 0.07283509733678388
728 0.07283505036458905
729 0.07283499863621674
730 0.07283494241754923
731 0.0728348829894646
732 0.07283482004403806
733 0.07283474874555654
734 0.07283466945439206
735 0.07283458936032855
736 0.07283450943798875
737 0.07283443247523907
738 0.07283435982813623
739 0.07283429449212619
740 0.0728342397114549
741 0.07283419725868094
742 0.07283416616917236
743 0.07283414915521637
744 0.07283414793719634
745 0.07283414952255032
746 0.07283416014522026
747 0.07283418038139113
748 0.07283421276841497
749 0.0728342563438187
750 0.07283429914996356
751 0.07283434339311148
752 0.07283439210059457
753 0.07283444256525957
754 0.07283449379546887
755 0.07283454131816623
756 0.07283458105716084
757 0.0728346315626565
758 0.07283468984159656
759 0.07283475253162119
760 0.0728348128719353
761 0.07283486546412703
762 0.07283490816175554
763 0.07283493933031247
764 0.07283495933636655
765 0.07283497142912142
766 0.07283497859231763
767 0.0728349810529417
768 0.07283498730427236
769 0.07283497944784008
770 0.07283495298004404
771 0.07283491201038142
772 0.07283486357570308
773 0.07283480890291889
774 0.07283474815995528
775 0.07283468227639721
776 0.07283461247538944
777 0.07283454060791945
778 0.07283447021264222
779 0.0728344082548479
780 0.0728343534703141
781 0.072834308958105
782 0.07283427622509173
783 0.07283425541360675
784 0.07283424631488501
785 0.07283424887306141
786 0.07283425919781523
787 0.07283427561261156
788 0.07283429968447017
789 0.07283432883846312
790 0.07283436181059069
791 0.07283439772972054
792 0.07283443652564064
793 0.07283447469522145
794 0.07283450874713762
795 0.07283453756363074
796 0.07283456206269767
797 0.0728345805415814
798 0.07283459206567747
799 0.07283459656388294
800 0.07283459279638622
801 0.0728345971218534
802 0.07283461389128594
803 0.07283463982933056
804 0.072834672043326
805 0.07283470497087936
806 0.07283473581041151
807 0.07283476114350863
808 0.07283477987249369
809 0.07283479316754733
810 0.07283480364189793
811 0.07283481292233285
812 0.07283481999435089
813 0.07283482910737268
814 0.07283482277028411
815 0.07283479795766233
816 0.07283476174811626
817 0.0728347165872588
818 0.07283466689504535
819 0.07283461447606025
820 0.07283456009320281
821 0.07283450832721083
822 0.07283446226443123
823 0.07283442159776699
824 0.07283438785589173
825 0.07283436087621847
826 0.07283434083215244
827 0.0728343283505735
828 0.07283432255041061
829 0.07283432304092703
830 0.07283432619632833
831 0.07283433787238251
832 0.07283435766050959
833 0.07283438387852434
834 0.07283441614166122
835 0.07283445244694206
836 0.07283449178579685
837 0.07283453267090277
838 0.07283457200682256
839 0.07283460687370882
840 0.07283463565973723
841 0.07283465986319289
842 0.07283467671702457
843 0.07283468690579889
844 0.07283468507340851
845 0.07283468601442532
846 0.07283470274938759
847 0.07283472766609875
848 0.07283475660645923
849 0.07283478411512868
850 0.07283480746282815
851 0.07283482502980525
852 0.07283483497180253
853 0.07283483723816669
854 0.07283483394723533
855 0.07283482826218537
856 0.07283482171032162
857 0.07283481417036076
858 0.07283481085882436
859 0.07283479580133689
860 0.07283476584417112
861 0.07283472636957473
862 0.07283468201492423
863 0.072834636366129
864 0.07283459320215195
865 0.07283455182650485
866 0.07283451875407454
867 0.07283449390910368
868 0.07283447423081654
869 0.07283446009805065
870 0.07283445145164394
871 0.07283444824226376
872 0.07283445016844307
873 0.07283445601047282
874 0.07283446488068611
875 0.07283447381599681
876 0.07283448804698581
877 0.07283450677241589
878 0.07283452822766726
879 0.07283455187608669
880 0.07283457569389379
881 0.07283459887524939
882 0.07283462281434172
883 0.07283463972380906
884 0.07283465008242009
885 0.07283465379836335
886 0.0728346538301798
887 0.07283464792242127
888 0.07283463615067728
889 0.07283461314620208
890 0.07283458866162784
891 0.07283458181322296
892 0.07283458556113925
893 0.07283459957690665
894 0.07283461819108492
895 0.07283463636022872
896 0.072834650005109
897 0.07283465696689928
898 0.07283465766499955
899 0.07283465496110529
900 0.07283465231686478
901 0.07283465135412279
902 0.07283465290289266
903 0.07283465795383473
904 0.0728346564538153
905 0.07283464706317601
906 0.07283463590231698
907 0.07283462505206639
908 0.07283461808888507
909 0.07283461461324632
910 0.07283461528936128
911 0.07283461779358187
912 0.07283462126807108
913 0.07283462717870791
914 0.07283463543611599
915 0.07283464559776352
916 0.0728346568836703
917 0.0728346680165403
918 0.07283467749016047
919 0.07283468543191937
920 0.072834691295129
921 0.07283469038913544
922 0.07283468625557848
923 0.07283468037112613
924 0.07283467474823876
925 0.07283467040638528
926 0.07283466558899969
927 0.07283465754068462
928 0.07283464571645328
929 0.0728346332808267
930 0.07283461872475802
931 0.07283459955293158
932 0.07283457123216386
933 0.07283453620813116
934 0.07283451643146605
935 0.07283450784118174
936 0.07283450773542821
937 0.07283451293867353
938 0.07283452026243792
939 0.07283452794170903
940 0.07283453596275909
941 0.07283454605029327
942 0.07283456196758571
943 0.07283458275219627
944 0.07283460949065113
945 0.07283464195179629
946 0.07283468031476711
947 0.07283470876418795
948 0.07283472521383792
949 0.07283473495781934
950 0.07283473760615997
951 0.07283473613063096
952 0.07283473044563268
953 0.07283472197598512
954 0.07283471203129604
955 0.07283470268158511
956 0.07283469481633686
957 0.07283469125638242
958 0.07283469065737501
959 0.07283468632161202
960 0.07283468022101504
961 0.07283467086583818
962 0.07283465850747736
963 0.07283464053632112
964 0.0728346154221448
965 0.07283459393236229
966 0.07283457770717289
967 0.07283456718050607
968 0.07283456190629392
969 0.07283455632343136
970 0.07283454965569716
971 0.07283454018249932
972 0.07283452508795037
973 0.07283450294275996
974 0.07283447442214612
975 0.07283443904249347
976 0.07283439836015201
977 0.07283435232866751
978 0.07283429632249869
979 0.07283424152484171
980 0.07283420318514038
981 0.07283418319349237
982 0.07283418500959095
983 0.07283420639720087
984 0.07283424482476354
985 0.07283429881063444
986 0.0728343678149255
987 0.07283444725321793
988 0.07283452844214242
989 0.07283461216315087
990 0.07283470799232858
991 0.07283478796740588
992 0.07283485340015269
993 0.07283490719007589
994 0.07283495272063166
995 0.07283499087557137
996 0.07283502104179679
997 0.0728350420110873
998 0.07283505417716189
999 0.07283505211319542
1000 0.07283504192668741
1001 0.07283502080292215
1002 0.07283498488665559
1003 0.07283494554877652
1004 0.07283490474911929
1005 0.07283486114106903
1006 0.07283481933400987
1007 0.07283478003989266
1008 0.07283474512678235
1009 0.07283471179303511
1010 0.07283467473524406
1011 0.07283463588976048
1012 0.072834597453134
1013 0.07283455844602704
1014 0.07283451806622997
1015 0.07283447561016931
1016 0.07283442921981641
1017 0.07283437817957536
1018 0.07283432463623955
1019 0.07283426702896247
1020 0.0728342119063551
1021 0.07283416237379112
1022 0.07283412534315019
1023 0.07283412193358811
1024 0.07283414432755587
1025 0.07283419156362138
1026 0.07283425688776843
1027 0.07283433630509244
1028 0.0728344261700076
1029 0.07283451485286764
1030 0.07283460178108329
1031 0.07283468451622932
1032 0.07283476654270589
1033 0.07283484741227989
1034 0.07283493434341516
1035 0.07283500078584675
1036 0.0728350460770725
1037 0.07283507770631434
1038 0.07283509750181096
1039 0.07283510742126101
1040 0.07283510608625826
1041 0.07283509384295191
1042 0.07283506785707508
1043 0.07283503206120456
1044 0.0728349894640707
1045 0.07283494079494122
1046 0.07283488627269444
1047 0.07283483328205259
1048 0.07283478209280231
1049 0.07283472806165117
1050 0.07283466832620551
1051 0.07283460677765298
1052 0.07283454612625138
1053 0.07283448764534645
1054 0.07283443128803375
1055 0.07283437737271882
1056 0.07283432807880906
1057 0.07283428600539374
1058 0.07283424793705434
1059 0.07283420882950972
1060 0.07283416908934388
1061 0.07283413599128577
1062 0.07283411796663088
1063 0.0728341137228046
1064 0.07283412415438791
1065 0.07283414356966458
1066 0.07283417505935696
1067 0.07283423654447513
1068 0.07283431929841305
1069 0.07283441850552701
1070 0.07283451482252484
1071 0.07283460314915378
1072 0.07283468535820405
1073 0.07283476549099266
1074 0.07283484301693356
1075 0.07283491814595563
1076 0.07283498951316913
1077 0.07283505451942698
1078 0.07283511929086452
1079 0.07283515692826405
1080 0.07283516919838209
1081 0.07283516514345049
1082 0.07283514669381531
1083 0.07283511678538583
1084 0.0728350720076732
1085 0.07283502145838781
1086 0.07283496632015336
1087 0.07283490658583841
1088 0.0728348447123002
1089 0.07283477920489105
1090 0.07283471112012757
1091 0.07283463927652409
1092 0.07283456522523327
1093 0.07283449128519141
1094 0.07283441898361019
1095 0.07283434595129434
1096 0.0728342805926714
1097 0.07283422431492716
1098 0.0728341808372986
1099 0.07283415290437978
1100 0.07283413456071165
1101 0.07283412017291539
1102 0.07283411577109587
1103 0.07283412400818232
1104 0.0728341449538631
1105 0.072834177517437
1106 0.07283422119432685
1107 0.07283427351524462
1108 0.07283433158381621
1109 0.07283438026506445
1110 0.07283443084636673
1111 0.07283449937650976
1112 0.07283457864491916
1113 0.0728346643166954
1114 0.07283474616169798
1115 0.07283482158139658
1116 0.07283489089795943
1117 0.07283495153535154
1118 0.07283500347545872
1119 0.07283504733365363
1120 0.07283508309537162
1121 0.07283511153542163
1122 0.07283513515675452
1123 0.07283513128666763
1124 0.07283510351539542
1125 0.07283506028793003
1126 0.07283500947470502
1127 0.0728349549264575
1128 0.07283489713651171
1129 0.07283483449446067
1130 0.07283476599257216
1131 0.07283468861681069
1132 0.07283460832208445
1133 0.07283452795580743
1134 0.07283444985462328
1135 0.07283437624935331
1136 0.07283431044012754
1137 0.07283425458013883
1138 0.0728342107100691
1139 0.07283418003688745
1140 0.07283415985766101
1141 0.07283415610809994
1142 0.0728341599293741
1143 0.07283416950762357
1144 0.07283418865119506
1145 0.07283421954480514
1146 0.07283426043020955
1147 0.07283430237961991
1148 0.072834346389965
1149 0.07283439159983809
1150 0.07283443979810833
1151 0.07283448760832731
1152 0.07283453458472584
1153 0.07283457329379503
1154 0.07283460765226693
1155 0.07283465572029549
1156 0.07283470827197944
1157 0.07283476348298025
1158 0.07283481472281789
1159 0.07283485814580705
1160 0.0728348912308288
1161 0.07283491405342171
1162 0.07283492852592394
1163 0.07283493748983604
1164 0.07283494299331413
1165 0.07283494488183426
1166 0.07283495194780634
1167 0.07283493976844185
1168 0.07283490860666818
1169 0.07283486625635567
1170 0.07283481630061039
1171 0.07283476105919774
1172 0.07283470062548233
1173 0.07283463607750544
1174 0.07283456776117635
1175 0.07283450099987183
1176 0.07283443946120374
1177 0.07283438564991503
1178 0.07283434005107903
1179 0.07283430489247789
1180 0.07283428116608238
1181 0.07283426859638316
1182 0.07283426627400742
1183 0.07283427070094028
1184 0.07283427728750516
1185 0.07283429447471459
1186 0.07283431740348349
1187 0.07283434621975944
1188 0.07283437855779208
1189 0.07283441368447627
1190 0.07283445004744507
1191 0.07283448546937761
1192 0.07283451716954577
1193 0.07283454344965655
1194 0.07283456667486683
1195 0.07283458444872616
1196 0.07283459892892277
1197 0.07283460523270635
1198 0.07283460624293427
1199 0.0728346283332514
1200 0.07283466140496037
1201 0.07283470374743072
1202 0.07283474996375187
1203 0.07283479126220679
1204 0.07283482495831271
1205 0.07283484956503583
1206 0.07283486418320896
1207 0.07283487075624447
1208 0.07283487264508594
1209 0.07283487220414164
1210 0.07283487019816991
1211 0.07283487348832991
1212 0.07283486365350815
1213 0.07283483610934843
1214 0.07283479631349929
1215 0.07283474879112584
1216 0.07283469680017357
1217 0.07283464286771388
1218 0.07283458562959935
1219 0.0728345316585168
1220 0.07283448535903859
1221 0.07283444503785597
1222 0.07283441207786083
1223 0.07283438632849577
1224 0.07283436805901657
1225 0.07283435716564354
1226 0.07283435282180023
1227 0.07283435472692705
1228 0.072834362065281
1229 0.07283437079966867
1230 0.07283438897881299
1231 0.07283441283399494
1232 0.07283444240726299
1233 0.07283447568077069
1234 0.07283451107075625
1235 0.07283454836334863
1236 0.07283458501172821
1237 0.07283461771598398
1238 0.07283464402356472
1239 0.07283466487141903
1240 0.07283468169156221
1241 0.07283469319923044
1242 0.07283469060336965
1243 0.07283467760993653
1244 0.07283467624757942
1245 0.07283468527026593
1246 0.07283470049377973
1247 0.07283471933111269
1248 0.07283473833689849
1249 0.07283475489356557
1250 0.07283476686275235
1251 0.07283477260806299
1252 0.07283477179100024
1253 0.07283476735062062
1254 0.0728347617338323
1255 0.07283475552215429
1256 0.07283474977884098
1257 0.07283474226879171
1258 0.07283472159884213
1259 0.07283468885759474
1260 0.07283465169316949
1261 0.07283461634862159
1262 0.07283458390212656
1263 0.07283455578308663
1264 0.07283453342650471
1265 0.07283451844182619
1266 0.07283450776292469
1267 0.07283450199174302
1268 0.0728345006546124
1269 0.0728345036078098
1270 0.07283451053943484
1271 0.07283452073678778
1272 0.07283453387988967
1273 0.07283454600709965
1274 0.07283456226919173
1275 0.07283458111497224
1276 0.07283460102718248
1277 0.07283462123152948
1278 0.07283464002481096
1279 0.07283465205445493
1280 0.07283466132151299
1281 0.0728346669691667
1282 0.07283466788885973
1283 0.07283466338195614
1284 0.07283465600289879
1285 0.07283464314864636
1286 0.07283462638942813
1287 0.07283460000028921
1288 0.07283457529480876
1289 0.07283456786237009
1290 0.07283457142826065
1291 0.07283458407259435
1292 0.07283459966467323
1293 0.07283461417543333
1294 0.07283462362629554
1295 0.0728346267314904
1296 0.07283462454248134
1297 0.07283462038425788
1298 0.07283461783897224
1299 0.07283461823488768
1300 0.07283462331284643
1301 0.07283463579210737
1302 0.07283464102647688
1303 0.07283463992175608
1304 0.07283463754264712
1305 0.07283463664157616
1306 0.07283463987727466
1307 0.07283464649214556
1308 0.07283465683279121
1309 0.0728346676653408
1310 0.07283467874074585
1311 0.07283469197333875
1312 0.07283470682078623
1313 0.07283472263904206
1314 0.07283473784406823
1315 0.07283475154125417
1316 0.07283475983893717
1317 0.07283475995072541
1318 0.07283475472417558
1319 0.07283474415338399
1320 0.07283473280246176
1321 0.07283472165767069
1322 0.07283471136841997
1323 0.07283470209186625
1324 0.07283469217867566
1325 0.07283467995678766
1326 0.07283466402700411
1327 0.07283464521136798
1328 0.07283462135983226
1329 0.07283459345216763
1330 0.07283455474318196
1331 0.07283451407053454
1332 0.07283448888004433
1333 0.07283447466775589
1334 0.07283446982935095
1335 0.07283446915110363
1336 0.07283446762703166
1337 0.07283446470466126
1338 0.07283446240363167
1339 0.0728344644552387
1340 0.0728344764466165
1341 0.07283450379836207
1342 0.07283453922558648
1343 0.07283458570759396
1344 0.07283463293382227
1345 0.07283466663684607
1346 0.07283469862716997
1347 0.07283473272789627
1348 0.07283476652906512
1349 0.07283479579932436
1350 0.07283481730176888
1351 0.07283483299787856
1352 0.07283484222740534
1353 0.07283484567919771
1354 0.07283484306192016
1355 0.07283483514339864
1356 0.0728348225034664
1357 0.07283480610597282
1358 0.07283478563070367
1359 0.07283475405474139
1360 0.0728347171372016
1361 0.07283468222233079
1362 0.07283465211887108
1363 0.07283462933983184
1364 0.07283461107626259
1365 0.07283459746463664
1366 0.07283458279105902
1367 0.0728345675352929
1368 0.07283455021372968
1369 0.07283452896328842
1370 0.07283450127309413
1371 0.07283446606716375
1372 0.07283442769614852
1373 0.07283438370898998
1374 0.07283433474543859
1375 0.07283427858422742
1376 0.07283421529650942
1377 0.07283417264840046
1378 0.07283415421231404
1379 0.07283416074099047
1380 0.07283418793665114
1381 0.07283423292303626
1382 0.07283429233213273
1383 0.07283436468959045
1384 0.07283444402713124
1385 0.07283453077100895
1386 0.0728346161515752
1387 0.07283470206744462
1388 0.07283479543032149
1389 0.07283486939739471
1390 0.07283492485067532
1391 0.07283496946690532
1392 0.07283500598404948
1393 0.07283503506340408
1394 0.07283505517042937
1395 0.07283506553225126
1396 0.07283506557238606
1397 0.07283505156661664
1398 0.0728350302446496
1399 0.07283499755821071
1400 0.07283495527796145
1401 0.07283491157300041
1402 0.07283486745090574
1403 0.07283482182311228
1404 0.07283477848204495
1405 0.07283473636355592
1406 0.0728346914582981
1407 0.07283464593715716
1408 0.07283459992669392
1409 0.07283455387995023
1410 0.07283450920161784
1411 0.0728344664265189
1412 0.07283442407803098
1413 0.07283437966696303
1414 0.07283433143145916
1415 0.07283428035587003
1416 0.07283422750760439
1417 0.07283417887591206
1418 0.0728341427087222
1419 0.07283411688808693
1420 0.07283410908941867
1421 0.07283413335133594
1422 0.07283418257641115
1423 0.07283425407665604
1424 0.07283434084182831
1425 0.07283443811488384
1426 0.07283453249245829
1427 0.07283461663340612
1428 0.07283469736923752
1429 0.07283477762572917
1430 0.07283485788966369
1431 0.07283493650035953
1432 0.07283501665802396
1433 0.07283507342638706
1434 0.07283510756176764
1435 0.07283512722792165
1436 0.07283513389062755
1437 0.07283512932095931
1438 0.07283511260820044
1439 0.07283508167124472
1440 0.07283504141169103
1441 0.07283499351882712
1442 0.07283494110838344
1443 0.07283488499457608
1444 0.07283482725643277
1445 0.07283477054870495
1446 0.07283471103340977
1447 0.0728346482266124
1448 0.07283458143890362
1449 0.07283451344683374
1450 0.07283444888421844
1451 0.07283438788521732
1452 0.07283433030772613
1453 0.07283427837454344
1454 0.07283423728495182
1455 0.07283420402724226
1456 0.07283417086091153
1457 0.0728341411390071
1458 0.07283412005863778
1459 0.07283411312197897
1460 0.07283412044333948
1461 0.07283414053925084
1462 0.07283417292145525
1463 0.07283421178470535
1464 0.0728342653536119
1465 0.07283434521098678
1466 0.07283443158531772
1467 0.07283452222908857
1468 0.07283461179515835
1469 0.07283469402959361
1470 0.07283477463845137
1471 0.07283485137734494
1472 0.07283492360035371
1473 0.07283499045942765
1474 0.07283505093157458
1475 0.07283510739111332
1476 0.07283515427699168
1477 0.07283517315156252
1478 0.07283516849218964
1479 0.07283514846803218
1480 0.07283511432526815
1481 0.07283506787371218
1482 0.07283501549173926
1483 0.07283495863216899
1484 0.07283489852456733
1485 0.07283483545313277
1486 0.07283476710989559
1487 0.0728346930560219
1488 0.07283461565835883
1489 0.07283453848972798
1490 0.07283446249927535
1491 0.07283438919769465
1492 0.07283431883608758
1493 0.07283425255213373
1494 0.07283419975084883
1495 0.07283416019236898
1496 0.07283413695659327
1497 0.07283412494888086
1498 0.07283411743603678
1499 0.07283412017804468
1500 0.07283413594533625
1501 0.07283416451141311
1502 0.0728342036250659
1503 0.07283425275791702
1504 0.07283430715275692
1505 0.07283435892620105
1506 0.0728344121411889
1507 0.07283446104139815
1508 0.07283451570604085
1509 0.07283458482505327
1510 0.07283466158693969
1511 0.07283474270976327
1512 0.07283481676566889
1513 0.07283488262444494
1514 0.07283493952097868
1515 0.07283498606951426
1516 0.0728350229136935
1517 0.07283505197507975
1518 0.07283507293815271
1519 0.07283508953812172
1520 0.07283509826330681
1521 0.07283508007824301
1522 0.0728350411075968
1523 0.0728349930906762
1524 0.07283493976472262
1525 0.07283488287037208
1526 0.07283481993605197
1527 0.07283475104970406
1528 0.0728346774874397
1529 0.07283459789013362
1530 0.07283451870427941
1531 0.07283444182749456
1532 0.07283437134768526
1533 0.07283431090062566
1534 0.07283426085413845
1535 0.07283422294331862
1536 0.07283419806105343
1537 0.07283418609616935
1538 0.07283418443420704
1539 0.07283419552332528
1540 0.07283421085912345
1541 0.07283423439904434
1542 0.07283426446379682
1543 0.0728342993772261
1544 0.07283433974489928
1545 0.07283438248679587
1546 0.07283442485608001
1547 0.07283446542242952
1548 0.07283450499177989
1549 0.0728345411819092
1550 0.07283457365491212
1551 0.07283459754832794
1552 0.072834618162053
1553 0.0728346506665169
1554 0.07283468749350221
1555 0.07283472723135008
1556 0.07283476481045802
1557 0.07283479750738421
1558 0.07283482355581995
1559 0.07283484221422884
1560 0.07283485440073993
1561 0.07283486275720172
1562 0.07283486924676059
1563 0.0728348729681301
1564 0.07283488217727235
1565 0.07283487213434241
1566 0.07283484246742003
1567 0.07283480298639354
1568 0.0728347549063361
1569 0.07283470277334179
1570 0.07283464711148047
1571 0.07283458787449923
1572 0.07283452783710323
1573 0.07283447382111782
1574 0.07283442566405668
1575 0.07283438399050134
1576 0.07283434935250407
1577 0.07283432256056721
1578 0.0728343037484845
1579 0.07283429265443145
1580 0.07283428895083875
1581 0.07283429107843981
1582 0.07283429874587792
1583 0.0728343171612035
1584 0.07283434301790698
1585 0.07283437670162833
1586 0.07283441597410677
1587 0.07283445957348515
1588 0.07283450639407099
1589 0.07283455331860997
1590 0.07283459705900724
1591 0.07283463483441165
1592 0.0728346687631676
1593 0.07283469513450565
1594 0.07283471312907458
1595 0.07283471600903801
1596 0.0728347149036799
1597 0.07283473265056281
1598 0.07283476365376784
1599 0.07283480521387808
1600 0.07283484688083233
1601 0.07283488151949905
1602 0.0728349072778746
1603 0.07283492229392197
1604 0.07283492653295962
1605 0.07283492179023665
1606 0.07283491171953793
1607 0.07283490043667523
1608 0.07283488990126831
1609 0.07283488006619748
1610 0.07283487056259974
1611 0.07283484395897281
1612 0.07283480288766297
1613 0.07283475519265256
1614 0.07283470311795132
1615 0.07283465107159177
1616 0.07283459742654703
1617 0.07283454800301951
1618 0.07283450681142765
1619 0.0728344741379721
1620 0.07283444809520837
1621 0.07283442872509477
1622 0.07283441597923197
1623 0.07283440975255913
1624 0.07283440967351554
1625 0.07283441403378692
1626 0.0728344228742861
1627 0.0728344318557566
1628 0.07283444727308776
1629 0.07283446785641466
1630 0.07283449257200776
1631 0.07283452036940932
1632 0.0728345494360355
1633 0.07283457906910795
1634 0.07283460724642861
1635 0.07283463332303718
1636 0.07283465287154477
1637 0.07283466338914596
1638 0.07283466864115191
1639 0.07283466760413922
1640 0.0728346597345686
1641 0.07283463916010845
1642 0.07283462074600688
1643 0.07283461679401453
1644 0.07283462246404626
1645 0.07283463667607905
1646 0.0728346550599811
1647 0.07283467369231333
1648 0.0728346878946602
1649 0.07283469503734055
1650 0.07283469553396477
1651 0.07283469205071696
1652 0.07283468768153394
1653 0.07283468362066897
1654 0.07283468107298585
1655 0.07283467971729857
1656 0.0728346674544685
1657 0.07283464765333975
1658 0.07283462714885298
1659 0.07283460699448718
1660 0.07283459139313785
1661 0.07283458012584014
1662 0.07283457313664174
1663 0.07283457038712531
1664 0.07283457028361169
1665 0.07283457343487626
1666 0.07283457952238589
1667 0.07283458864755381
1668 0.07283460056881763
1669 0.07283461375458357
1670 0.07283462681530482
1671 0.07283463913715527
1672 0.07283465319456092
1673 0.07283466625281806
1674 0.07283467357169192
1675 0.07283467605020701
1676 0.07283467547589861
1677 0.07283467536068342
1678 0.07283467476532104
1679 0.07283467071329609
1680 0.07283466186959431
1681 0.07283465063845
1682 0.07283463701361492
1683 0.07283462074910942
1684 0.07283459859765792
1685 0.07283456688672291
1686 0.07283454708937173
1687 0.07283454000330716
1688 0.07283454178544385
1689 0.07283454926505417
1690 0.07283455760570469
1691 0.07283456461479994
1692 0.07283456911667111
1693 0.07283457213677849
1694 0.07283457712659132
1695 0.072834584665125
1696 0.07283459687744787
1697 0.07283461402634954
1698 0.0728346411697014
1699 0.07283465991326334
1700 0.07283466708351974
1701 0.07283466817396242
1702 0.07283466656151945
1703 0.07283466611940169
1704 0.07283466692207169
1705 0.07283466935421418
1706 0.07283467423724357
1707 0.07283467793140248
1708 0.07283468271141462
1709 0.07283468853567419
1710 0.07283469666462838
1711 0.07283470628386436
1712 0.07283471613810513
1713 0.07283471634412936
1714 0.07283470695563571
1715 0.07283469566515925
1716 0.07283468405167638
1717 0.07283467238879889
1718 0.0728346602918164
1719 0.07283464991113843
1720 0.07283464384206126
1721 0.07283463809618147
1722 0.07283463065162589
1723 0.07283461819968332
1724 0.07283459965149922
1725 0.07283457742995789
1726 0.07283454835628016
1727 0.07283451321413886
1728 0.07283446809375448
1729 0.07283441489630296
1730 0.07283437397852537
1731 0.07283434145790733
1732 0.07283431586958346
1733 0.07283429688146058
1734 0.07283428593476514
1735 0.07283428758797109
1736 0.07283430435005649
1737 0.07283433686834634
1738 0.07283438662116595
1739 0.07283445309896137
1740 0.07283452687993196
1741 0.07283460876182225
1742 0.07283468208240451
1743 0.07283474765953313
1744 0.07283480861126963
1745 0.07283486604249152
1746 0.07283491234112521
1747 0.07283495016432764
1748 0.07283498024317039
1749 0.07283500375951892
1750 0.07283501826941317
1751 0.07283502132718433
1752 0.07283501734925629
1753 0.0728350058426879
1754 0.07283497947434599
1755 0.07283494700556822
1756 0.07283490998705122
1757 0.07283487077630038
1758 0.07283483268575511
1759 0.07283479751406988
1760 0.07283476877101941
1761 0.07283474394947993
1762 0.07283471838353878
1763 0.07283468920337621
1764 0.0728346579385199
1765 0.07283462451338872
1766 0.0728345877677871
1767 0.07283454546601205
1768 0.07283449795804589
1769 0.07283444746813245
1770 0.07283439165226918
1771 0.07283433169633353
1772 0.07283426648303727
1773 0.07283420037445863
1774 0.07283415723260185
1775 0.07283414279344153
1776 0.07283415464787983
1777 0.0728341894446273
1778 0.0728342423753343
1779 0.07283430921314585
1780 0.07283438732836155
1781 0.07283446812040363
1782 0.0728345566661244
1783 0.07283464392586442
1784 0.0728347284565279
1785 0.07283481682089303
1786 0.072834895751617
1787 0.07283495581265834
1788 0.07283500043412114
1789 0.07283503424099283
1790 0.07283505931363674
1791 0.07283507493982076
1792 0.07283508026261079
1793 0.07283507619101004
1794 0.0728350584945238
1795 0.07283503133425707
1796 0.07283499763266092
1797 0.07283495439492425
1798 0.07283490664538772
1799 0.07283485914162627
1800 0.07283481120793615
1801 0.0728347630382823
1802 0.07283471120142294
1803 0.07283465652921134
1804 0.07283460287380596
1805 0.07283454950158284
1806 0.07283449852901205
1807 0.07283444877405462
1808 0.07283440210273968
1809 0.07283435894685568
1810 0.07283431668351413
1811 0.07283427200433643
1812 0.07283422386743114
1813 0.07283417886008667
1814 0.07283414314802585
1815 0.07283412188836287
1816 0.07283411359810101
1817 0.07283411628090079
1818 0.07283414492620931
1819 0.07283420035791062
1820 0.07283427856220125
1821 0.07283437410886603
1822 0.07283447690377645
1823 0.07283456812175362
1824 0.07283465072942065
1825 0.07283473070589859
1826 0.07283480971545889
1827 0.07283488814362531
1828 0.07283496334668593
1829 0.07283504043559329
1830 0.07283510087972224
1831 0.07283513642804121
1832 0.07283515202696178
1833 0.07283515279530625
1834 0.07283514194922709
1835 0.07283511926695878
1836 0.07283508042182583
1837 0.07283503463703692
1838 0.07283498207310367
1839 0.07283492519659195
1840 0.07283486591367531
1841 0.07283480392644391
1842 0.07283474139064516
1843 0.07283467624450202
1844 0.07283460931426464
1845 0.07283453846520932
1846 0.07283446549872005
1847 0.07283439650615854
1848 0.07283433240816795
1849 0.072834274412665
1850 0.07283422506163559
1851 0.07283419039798121
1852 0.07283416433371544
1853 0.07283414027522235
1854 0.07283412344936914
1855 0.07283411753211101
1856 0.07283412456675664
1857 0.07283414599839909
1858 0.07283417833683004
1859 0.07283422178354224
1860 0.07283427330320411
1861 0.07283432832604364
1862 0.07283439030082799
1863 0.07283446467505718
1864 0.07283454892711899
1865 0.0728346378344135
1866 0.07283471956741283
1867 0.07283479864436064
1868 0.07283487247611774
1869 0.07283493920809755
1870 0.07283499898626206
1871 0.0728350522447863
1872 0.0728350965743671
1873 0.07283514191954771
1874 0.07283516048167722
1875 0.07283515288873074
1876 0.07283512799000924
1877 0.07283508588974358
1878 0.07283503730340327
1879 0.07283498325862095
1880 0.0728349248597866
1881 0.0728348642696368
1882 0.07283479978582934
1883 0.07283472463879312
1884 0.07283464577373976
1885 0.07283456596860304
1886 0.07283448765033079
1887 0.07283441216899403
1888 0.07283434055016172
1889 0.07283427544441158
1890 0.07283422211549581
1891 0.07283417912003277
1892 0.07283415035625103
1893 0.07283413824735943
1894 0.0728341344205079
1895 0.07283413641384091
1896 0.0728341472499089
1897 0.07283416987277544
1898 0.07283420539949485
1899 0.07283425136778111
1900 0.07283429695490758
1901 0.07283434591260432
1902 0.07283439713929361
1903 0.0728344509602798
1904 0.07283450309993796
1905 0.07283454900517085
1906 0.07283460638721584
1907 0.07283467214018109
1908 0.07283474420236759
1909 0.07283481443088576
1910 0.07283487676133604
1911 0.0728349259727674
1912 0.07283496445678263
1913 0.07283499252447825
1914 0.07283501254470272
1915 0.07283502629943005
1916 0.07283503316462321
1917 0.07283504228695646
1918 0.07283503162435674
1919 0.0728350014309079
1920 0.07283495840342256
1921 0.07283490844271193
1922 0.07283485314060686
1923 0.07283479121384644
1924 0.07283472347120916
1925 0.07283465201877952
1926 0.07283457544168757
1927 0.07283449957425604
1928 0.07283442751220931
1929 0.07283436482451754
1930 0.07283431099798228
1931 0.07283426923628829
1932 0.07283423976456062
1933 0.07283422295790606
1934 0.07283421843595318
1935 0.07283422477305648
1936 0.07283424314800774
1937 0.0728342699595433
1938 0.07283429486113351
1939 0.07283432199837178
1940 0.07283435369115743
1941 0.07283439028937991
1942 0.07283442914540809
1943 0.07283446599535223
1944 0.07283449842895476
1945 0.07283452762490099
1946 0.07283455270284395
1947 0.07283457299014551
1948 0.07283458718968373
1949 0.07283459319645391
1950 0.07283460508300806
1951 0.07283462785887368
1952 0.07283465774933941
1953 0.07283469185140573
1954 0.07283472522113477
1955 0.07283475484075128
1956 0.07283477838176786
1957 0.07283479529836004
1958 0.07283480719276079
1959 0.0728348166404981
1960 0.07283482451876336
1961 0.07283483145195875
1962 0.07283483794578538
1963 0.07283482672496136
1964 0.07283479731923802
1965 0.07283475826837772
1966 0.0728347107466352
1967 0.07283465968486597
1968 0.07283460596562256
1969 0.07283454951771795
1970 0.07283449691456992
1971 0.07283444982250428
1972 0.07283440811834706
1973 0.07283437338984589
1974 0.07283434580454216
1975 0.07283432544942191
1976 0.07283431299197024
1977 0.07283430752793267
1978 0.07283430884287401
1979 0.07283431292709064
1980 0.07283432687884536
1981 0.07283434885569894
1982 0.07283437788471918
1983 0.07283441307159831
1984 0.07283445252941995
1985 0.07283449529041582
1986 0.07283453945558348
1987 0.07283458170223037
1988 0.07283461924281044
1989 0.07283465095586404
1990 0.072834677220527
1991 0.07283469631442369
1992 0.07283470469237403
1993 0.07283470140504501
1994 0.07283470644042203
1995 0.07283472827019669
1996 0.07283475933585186
1997 0.07283479332109606
1998 0.07283482371230415
1999 0.07283484834108292
2000 0.07283486552243368
